<?xml version="1.0" encoding="UTF-8"?>
<!-- Generated by org.testng.reporters.JUnitReportReporter -->
<testsuite skipped="0" hostname="DESKTOP-04RP63D" name="testNGExamples.GroupingTests" tests="1" failures="0" timestamp="2020-01-13T22:09:56 BDT" time="0.008" errors="0">
  <testcase name="WindowsUserTestCase" time="0.008" classname="testNGExamples.GroupingTests"/>
  <system-out/>
</testsuite> <!-- testNGExamples.GroupingTests -->
