<?xml version="1.0" encoding="UTF-8"?>
<!-- Generated by org.testng.reporters.JUnitReportReporter -->
<testsuite skipped="1" hostname="DESKTOP-04RP63D" name="testNGExamples.IgnoringTests" tests="2" failures="0" timestamp="2020-01-14T21:43:38 BDT" time="0.007" errors="0">
  <testcase name="showcaseTest" time="0.007" classname="testNGExamples.IgnoringTests"/>
  <system-out/>
  <testcase name="testShowcase" classname="testNGExamples.IgnoringTests">
    <skipped/>
  </testcase> <!-- testShowcase -->
  <system-out/>
</testsuite> <!-- testNGExamples.IgnoringTests -->
