<?xml version="1.0" encoding="UTF-8"?>
<!-- Generated by org.testng.reporters.JUnitReportReporter -->
<testsuite skipped="0" hostname="DESKTOP-04RP63D" name="testNGExamples.UsingTestNGDataProvider" tests="4" failures="0" timestamp="2020-01-10T23:32:57 BDT" time="10.405" errors="0">
  <testcase name="urlNavigation" time="3.867" classname="testNGExamples.UsingTestNGDataProvider"/>
  <system-out/>
  <testcase name="commenceTest" time="2.151" classname="testNGExamples.UsingTestNGDataProvider"/>
  <system-out/>
  <testcase name="commenceTest" time="2.141" classname="testNGExamples.UsingTestNGDataProvider"/>
  <system-out/>
  <testcase name="commenceTest" time="2.246" classname="testNGExamples.UsingTestNGDataProvider"/>
  <system-out/>
</testsuite> <!-- testNGExamples.UsingTestNGDataProvider -->
