<?xml version="1.0" encoding="UTF-8"?>
<!-- Generated by org.testng.reporters.JUnitReportReporter -->
<testsuite skipped="0" hostname="DESKTOP-04RP63D" name="testNGExamples.GroupingTestsCalssLevel" tests="6" failures="0" timestamp="2020-01-14T21:24:17 BDT" time="0.009" errors="0">
  <testcase name="firstUserTestCase" time="0.001" classname="testNGExamples.GroupingTestsCalssLevel"/>
  <system-out/>
  <testcase name="fourthUserTestCase" time="0.000" classname="testNGExamples.GroupingTestsCalssLevel"/>
  <system-out/>
  <testcase name="thirdUserTestCase" time="0.000" classname="testNGExamples.GroupingTestsCalssLevel"/>
  <system-out/>
  <testcase name="linuxUserTestCase" time="0.000" classname="testNGExamples.GroupingTestsCalssLevel"/>
  <system-out/>
  <testcase name="secondUserTestCase" time="0.001" classname="testNGExamples.GroupingTestsCalssLevel"/>
  <system-out/>
  <testcase name="WindowsUserTestCase" time="0.007" classname="testNGExamples.GroupingTestsCalssLevel"/>
  <system-out/>
</testsuite> <!-- testNGExamples.GroupingTestsCalssLevel -->
