<?xml version="1.0" encoding="UTF-8"?>
<!-- Generated by org.testng.reporters.JUnitReportReporter -->
<testsuite skipped="0" hostname="DESKTOP-04RP63D" name="testNGExamples.TestCasesPriorityExample" tests="1" failures="0" timestamp="2020-01-12T21:46:48 BDT" time="0.272" errors="0">
  <testcase name="anotherExample" time="0.272" classname="testNGExamples.TestCasesPriorityExample"/>
  <system-out/>
</testsuite> <!-- testNGExamples.TestCasesPriorityExample -->
