<?xml version="1.0" encoding="UTF-8"?>
<!-- Generated by org.testng.reporters.JUnitReportReporter -->
<testsuite skipped="0" hostname="DESKTOP-04RP63D" name="environmentTest.EnvironmentChekForTestNG" tests="2" failures="0" timestamp="2020-01-05T21:40:21 BDT" time="3.140" errors="0">
  <testcase name="urlNavigation" time="2.252" classname="environmentTest.EnvironmentChekForTestNG"/>
  <system-out/>
  <testcase name="commenceTest" time="0.888" classname="environmentTest.EnvironmentChekForTestNG"/>
  <system-out/>
</testsuite> <!-- environmentTest.EnvironmentChekForTestNG -->
