<?xml version="1.0" encoding="UTF-8"?>
<!-- Generated by org.testng.reporters.JUnitReportReporter -->
<testsuite skipped="0" hostname="DESKTOP-04RP63D" name="environmentTest.EnvironmentChekForTestNG" tests="2" failures="0" timestamp="2020-01-07T21:15:56 BDT" time="3.314" errors="0">
  <testcase name="urlNavigation" time="2.352" classname="environmentTest.EnvironmentChekForTestNG"/>
  <system-out/>
  <testcase name="commenceTest" time="0.962" classname="environmentTest.EnvironmentChekForTestNG"/>
  <system-out/>
</testsuite> <!-- environmentTest.EnvironmentChekForTestNG -->
