<?xml version="1.0" encoding="UTF-8"?>
<!-- Generated by org.testng.reporters.JUnitReportReporter -->
<testsuite skipped="0" hostname="DESKTOP-04RP63D" name="environmentTest.LoginAdminTestCase" tests="1" failures="0" timestamp="2020-01-15T20:19:18 BDT" time="8.091" errors="0">
  <testcase name="testLoginAdminTestCase" time="8.091" classname="environmentTest.LoginAdminTestCase"/>
  <system-out/>
</testsuite> <!-- environmentTest.LoginAdminTestCase -->
