<?xml version="1.0" encoding="UTF-8"?>
<!-- Generated by org.testng.reporters.JUnitReportReporter -->
<testsuite skipped="0" hostname="DESKTOP-04RP63D" name="testNGExamples.AnotherUsage" tests="3" failures="0" timestamp="2020-02-01T20:29:09 BDT" time="15.827" errors="0">
  <testcase name="urlNavigation" time="5.190" classname="testNGExamples.AnotherUsage"/>
  <testcase name="commenceTest" time="0.848" classname="testNGExamples.AnotherUsage"/>
  <testcase name="findElement" time="9.789" classname="testNGExamples.AnotherUsage"/>
</testsuite> <!-- testNGExamples.AnotherUsage -->
