<?xml version="1.0" encoding="UTF-8"?>
<!-- Generated by org.testng.reporters.JUnitReportReporter -->
<testsuite skipped="0" hostname="DESKTOP-04RP63D" name="environmentTest.EnvironmentChekForTestNG" tests="2" failures="0" timestamp="2020-02-01T20:00:47 BDT" time="5.986" errors="0">
  <testcase name="urlNavigation" time="5.001" classname="environmentTest.EnvironmentChekForTestNG"/>
  <testcase name="commenceTest" time="0.985" classname="environmentTest.EnvironmentChekForTestNG"/>
</testsuite> <!-- environmentTest.EnvironmentChekForTestNG -->
