<?xml version="1.0" encoding="UTF-8"?>
<!-- Generated by org.testng.reporters.JUnitReportReporter -->
<testsuite skipped="0" hostname="DESKTOP-04RP63D" name="extentsReportsUsageExample.BasicUsageWithTestNG" tests="2" failures="0" timestamp="2020-01-06T22:07:55 BDT" time="6.033" errors="0">
  <testcase name="urlNavigation" time="3.412" classname="extentsReportsUsageExample.BasicUsageWithTestNG"/>
  <system-out/>
  <testcase name="commenceTest" time="2.621" classname="extentsReportsUsageExample.BasicUsageWithTestNG"/>
  <system-out/>
</testsuite> <!-- extentsReportsUsageExample.BasicUsageWithTestNG -->
