<?xml version="1.0" encoding="UTF-8"?>
<!-- Generated by org.testng.reporters.JUnitReportReporter -->
<testsuite skipped="0" hostname="DESKTOP-04RP63D" name="testNGExamples.TestNGUsage" tests="3" failures="0" timestamp="2020-01-07T22:02:21 BDT" time="5.395" errors="0">
  <testcase name="urlNavigation" time="1.680" classname="testNGExamples.TestNGUsage"/>
  <system-out/>
  <testcase name="commenceTest" time="0.851" classname="testNGExamples.TestNGUsage"/>
  <system-out/>
  <testcase name="findElement" time="2.864" classname="testNGExamples.TestNGUsage"/>
  <system-out/>
</testsuite> <!-- testNGExamples.TestNGUsage -->
