<?xml version="1.0" encoding="UTF-8"?>
<!-- Generated by org.testng.reporters.JUnitReportReporter -->
<testsuite skipped="0" hostname="DESKTOP-04RP63D" name="testNGExamples.MultipleBrowsersParallelTesting" tests="4" failures="0" timestamp="2020-01-13T21:32:38 BDT" time="16.523" errors="0">
  <testcase name="navigationTest" time="2.221" classname="testNGExamples.MultipleBrowsersParallelTesting"/>
  <system-out/>
  <testcase name="navigationTest" time="1.211" classname="testNGExamples.MultipleBrowsersParallelTesting"/>
  <system-out/>
  <testcase name="commenceTest" time="1.588" classname="testNGExamples.MultipleBrowsersParallelTesting"/>
  <system-out/>
  <testcase name="commenceTest" time="11.503" classname="testNGExamples.MultipleBrowsersParallelTesting"/>
  <system-out/>
</testsuite> <!-- testNGExamples.MultipleBrowsersParallelTesting -->
