<?xml version="1.0" encoding="UTF-8"?>
<!-- Generated by org.testng.reporters.JUnitReportReporter -->
<testsuite skipped="0" hostname="DESKTOP-04RP63D" name="testNGExamples.AnotherUsage" tests="2" failures="0" timestamp="2020-01-07T22:02:21 BDT" time="2.530" errors="0">
  <testcase name="urlNavigation" time="1.698" classname="testNGExamples.AnotherUsage"/>
  <system-out/>
  <testcase name="commenceTest" time="0.832" classname="testNGExamples.AnotherUsage"/>
  <system-out/>
</testsuite> <!-- testNGExamples.AnotherUsage -->
