<?xml version="1.0" encoding="UTF-8"?>
<!-- Generated by org.testng.reporters.JUnitReportReporter -->
<testsuite skipped="0" hostname="DESKTOP-04RP63D" name="testNGExamples.anotherTestNGPriorityExample" tests="4" failures="0" timestamp="2020-01-12T21:53:25 BDT" time="0.009" errors="0">
  <testcase name="testCaseExampleTwo" time="0.007" classname="testNGExamples.anotherTestNGPriorityExample"/>
  <system-out/>
  <testcase name="testCaseExampleFour" time="0.001" classname="testNGExamples.anotherTestNGPriorityExample"/>
  <system-out/>
  <testcase name="testCaseExampleThree" time="0.001" classname="testNGExamples.anotherTestNGPriorityExample"/>
  <system-out/>
  <testcase name="testCaseExampleOne" time="0.000" classname="testNGExamples.anotherTestNGPriorityExample"/>
  <system-out/>
</testsuite> <!-- testNGExamples.anotherTestNGPriorityExample -->
