<?xml version="1.0" encoding="UTF-8"?>
<!-- Generated by org.testng.reporters.JUnitReportReporter -->
<testsuite skipped="0" hostname="DESKTOP-04RP63D" name="testNGExamples.AccessingPropertiesFileUsingTestNG" tests="2" failures="0" timestamp="2020-01-09T22:28:46 BDT" time="2.439" errors="0">
  <testcase name="urlNavigation" time="1.477" classname="testNGExamples.AccessingPropertiesFileUsingTestNG"/>
  <system-out/>
  <testcase name="commenceTest" time="0.962" classname="testNGExamples.AccessingPropertiesFileUsingTestNG"/>
  <system-out/>
</testsuite> <!-- testNGExamples.AccessingPropertiesFileUsingTestNG -->
