<?xml version="1.0" encoding="UTF-8"?>
<!-- Generated by org.testng.reporters.JUnitReportReporter -->
<testsuite skipped="0" hostname="DESKTOP-04RP63D" name="testNGExamples.UsingDependencies" tests="8" failures="0" timestamp="2020-01-14T21:50:00 BDT" time="0.018" errors="0">
  <testcase name="anotherExample" time="0.001" classname="testNGExamples.UsingDependencies"/>
  <system-out/>
  <testcase name="usingRegex" time="0.001" classname="testNGExamples.UsingDependencies"/>
  <system-out/>
  <testcase name="hereAnother" time="0.001" classname="testNGExamples.UsingDependencies"/>
  <system-out/>
  <testcase name="usingAnother" time="0.001" classname="testNGExamples.UsingDependencies"/>
  <system-out/>
  <testcase name="anotherTest" time="0.011" classname="testNGExamples.UsingDependencies"/>
  <system-out/>
  <testcase name="yetAnother" time="0.001" classname="testNGExamples.UsingDependencies"/>
  <system-out/>
  <testcase name="exampleTest" time="0.002" classname="testNGExamples.UsingDependencies"/>
  <system-out/>
  <testcase name="testExample" time="0.000" classname="testNGExamples.UsingDependencies"/>
  <system-out/>
</testsuite> <!-- testNGExamples.UsingDependencies -->
