<?xml version="1.0" encoding="UTF-8"?>
<!-- Generated by org.testng.reporters.JUnitReportReporter -->
<testsuite skipped="0" hostname="DESKTOP-04RP63D" name="testNGExamples.UsingParameters" tests="2" failures="0" timestamp="2020-01-14T21:07:44 BDT" time="0.013" errors="0">
  <testcase name="anotherExample" time="0.012" classname="testNGExamples.UsingParameters"/>
  <system-out/>
  <testcase name="exampleTest" time="0.001" classname="testNGExamples.UsingParameters"/>
  <system-out/>
</testsuite> <!-- testNGExamples.UsingParameters -->
