<?xml version="1.0" encoding="UTF-8"?>
<!-- Generated by org.testng.reporters.JUnitReportReporter -->
<testsuite skipped="0" hostname="DESKTOP-04RP63D" name="testngListenersUsageExamples.TestNGListenersAnnotationSetup" tests="4" failures="0" timestamp="2020-01-12T21:21:13 BDT" time="0.006" errors="0">
  <testcase name="AnotherExample" time="0.001" classname="testngListenersUsageExamples.TestNGListenersAnnotationSetup"/>
  <system-out/>
  <testcase name="ExampleTest" time="0.002" classname="testngListenersUsageExamples.TestNGListenersAnnotationSetup"/>
  <system-out/>
  <testcase name="AnotherTest" time="0.002" classname="testngListenersUsageExamples.TestNGListenersAnnotationSetup"/>
  <system-out/>
  <testcase name="TestExample" time="0.001" classname="testngListenersUsageExamples.TestNGListenersAnnotationSetup"/>
  <system-out/>
</testsuite> <!-- testngListenersUsageExamples.TestNGListenersAnnotationSetup -->
