<?xml version="1.0" encoding="UTF-8"?>
<!-- Generated by org.testng.reporters.JUnitReportReporter -->
<testsuite skipped="0" hostname="DESKTOP-04RP63D" name="testngListenersUsageExamples.FindingLocatorsWithITestListeners" tests="1" failures="0" timestamp="2020-01-12T21:22:26 BDT" time="2.154" errors="0">
  <testcase name="commenceTest" time="2.154" classname="testngListenersUsageExamples.FindingLocatorsWithITestListeners"/>
  <system-out/>
</testsuite> <!-- testngListenersUsageExamples.FindingLocatorsWithITestListeners -->
